<?xml version="1.0" encoding="UTF-8"?>
<!-- Generated by org.testng.reporters.JUnitXMLReporter -->
<testsuite ignored="0" hostname="LAPTOP-V3CUONVT" failures="1" tests="6" name="Surefire test" time="41.161" errors="0" timestamp="2024-05-29T18:05:46 IST">
  <testcase classname="automationFramework.Tests.ErrorValidationTest" name="LoginErrorValidation" time="1.0">
    <skipped/>
  </testcase> <!-- LoginErrorValidation -->
  <testcase classname="automationFramework.Tests.ErrorValidationTest" name="LoginErrorValidation" time="0.692">
    <failure type="java.lang.AssertionError" message="expected [Incorrect email or password.] but found [Incorrect email password.]">
      <![CDATA[java.lang.AssertionError: expected [Incorrect email or password.] but found [Incorrect email password.]
at automationFramework.Tests.ErrorValidationTest.LoginErrorValidation(ErrorValidationTest.java:17)
at java.base/java.util.ArrayList.forEach(ArrayList.java:1511)
... Removed 38 stack frames]]>
    </failure>
  </testcase> <!-- LoginErrorValidation -->
  <testcase classname="automationFramework.Tests.ErrorValidationTest" name="ProductErrorValidation" time="3.957"/>
  <testcase classname="automationFramework.Tests.SubmitOrderTest" name="SubmitOrder" time="4.852"/>
  <testcase classname="automationFramework.Tests.SubmitOrderTest" name="SubmitOrder" time="5.021"/>
  <testcase classname="automationFramework.Tests.SubmitOrderTest" name="OrderHistoryTest" time="5.675"/>
</testsuite> <!-- Surefire test -->
