<?xml version="1.0" encoding="UTF-8"?>
<!-- Generated by org.testng.reporters.JUnitXMLReporter -->
<testsuite ignored="0" hostname="LAPTOP-V3CUONVT" failures="1" tests="3" name="Error validation Test" time="14.592" errors="0" timestamp="2024-08-02T13:25:04 IST">
  <testcase classname="automationFramework.Tests.ErrorValidationTest" name="LoginErrorValidation" time="0.877">
    <skipped/>
  </testcase> <!-- LoginErrorValidation -->
  <testcase classname="automationFramework.Tests.ErrorValidationTest" name="LoginErrorValidation" time="0.513">
    <failure type="java.lang.AssertionError" message="expected [Incorrect email or password.] but found [Incorrect email password.]">
      <![CDATA[java.lang.AssertionError: expected [Incorrect email or password.] but found [Incorrect email password.]
at automationFramework.Tests.ErrorValidationTest.LoginErrorValidation(ErrorValidationTest.java:17)
at java.base/java.util.ArrayList.forEach(ArrayList.java:1511)
at java.base/java.util.concurrent.FutureTask.run(FutureTask.java:264)
at java.base/java.util.concurrent.ThreadPoolExecutor.runWorker(ThreadPoolExecutor.java:1136)
at java.base/java.util.concurrent.ThreadPoolExecutor$Worker.run(ThreadPoolExecutor.java:635)
at java.base/java.lang.Thread.run(Thread.java:833)
... Removed 23 stack frames]]>
    </failure>
  </testcase> <!-- LoginErrorValidation -->
  <testcase classname="automationFramework.Tests.ErrorValidationTest" name="ProductErrorValidation" time="4.188"/>
</testsuite> <!-- Error validation Test -->
