<?xml version="1.0" encoding="UTF-8"?>
<!-- Generated by org.testng.reporters.JUnitXMLReporter -->
<testsuite ignored="3" hostname="LAPTOP-V3CUONVT" failures="1" tests="1" name="SmokeTests(failed)" time="0.077" errors="0" timestamp="2024-04-02T22:18:16 IST">
  <testcase classname="com.testng.concepts.parametrization_ex" name="ZFailTest_TC" time="0.021">
    <failure type="java.lang.AssertionError" message="expected [true] but found [false]">
      <![CDATA[java.lang.AssertionError: expected [true] but found [false]
at com.testng.concepts.parametrization_ex.ZFailTest_TC(parametrization_ex.java:37)
at java.base/java.util.ArrayList.forEach(ArrayList.java:1511)
... Removed 31 stack frames]]>
    </failure>
  </testcase> <!-- ZFailTest_TC -->
  <testcase classname="com.testng.concepts.parametrization_ex" name="Print_MultipleData" time="0.0">
    <ignored/>
  </testcase> <!-- Print_MultipleData -->
  <testcase classname="com.testng.concepts.parametrization_ex" name="Login" time="0.0">
    <ignored/>
  </testcase> <!-- Login -->
  <testcase classname="com.testng.concepts.parametrization_ex" name="Logout" time="0.0">
    <ignored/>
  </testcase> <!-- Logout -->
</testsuite> <!-- SmokeTests(failed) -->
