<?xml version="1.0" encoding="UTF-8"?>
<!-- Generated by org.testng.reporters.JUnitXMLReporter -->
<testsuite ignored="0" hostname="LAPTOP-V3CUONVT" failures="1" tests="6" name="SmokeTests" time="0.158" errors="0" timestamp="2024-04-02T22:16:10 IST">
  <testcase classname="com.testng.concepts.parametrization_ex" name="Login" time="0.01"/>
  <testcase classname="com.testng.concepts.parametrization_ex" name="Logout" time="0.013"/>
  <testcase classname="com.testng.concepts.parametrization_ex" name="Print_MultipleData" time="0.002"/>
  <testcase classname="com.testng.concepts.parametrization_ex" name="Print_MultipleData" time="0.0"/>
  <testcase classname="com.testng.concepts.parametrization_ex" name="Print_MultipleData" time="0.002"/>
  <testcase classname="com.testng.concepts.parametrization_ex" name="ZFailTest_TC" time="0.016">
    <failure type="java.lang.AssertionError" message="expected [true] but found [false]">
      <![CDATA[java.lang.AssertionError: expected [true] but found [false]
at com.testng.concepts.parametrization_ex.ZFailTest_TC(parametrization_ex.java:37)
at java.base/java.util.ArrayList.forEach(ArrayList.java:1511)
... Removed 31 stack frames]]>
    </failure>
  </testcase> <!-- ZFailTest_TC -->
</testsuite> <!-- SmokeTests -->
